<?xml version="1.0" encoding="UTF-8"?>
<!-- Generated by org.testng.reporters.JUnitReportReporter -->
<testsuite hostname="DESKTOP-DF57TST" failures="0" tests="5" name="testCases.TC03_LoginDDT" time="32.467" errors="0" timestamp="2025-08-08T19:00:27 IST" skipped="0">
  <testcase classname="testCases.TC03_LoginDDT" name="verify_loginDDT" time="5.305"/>
  <testcase classname="testCases.TC03_LoginDDT" name="verify_loginDDT" time="12.439"/>
  <testcase classname="testCases.TC03_LoginDDT" name="verify_loginDDT" time="5.562"/>
  <testcase classname="testCases.TC03_LoginDDT" name="verify_loginDDT" time="5.609"/>
  <testcase classname="testCases.TC03_LoginDDT" name="verify_loginDDT" time="3.552"/>
</testsuite> <!-- testCases.TC03_LoginDDT -->
