<?xml version="1.0" encoding="UTF-8"?>
<!-- Generated by org.testng.reporters.JUnitReportReporter -->
<testsuite hostname="DESKTOP-DF57TST" failures="0" tests="1" name="testCases.TC02_LoginTest" time="1.951" errors="0" timestamp="2025-08-21T20:16:50 IST" skipped="0">
  <testcase classname="testCases.TC02_LoginTest" name="Verify_login" time="1.951"/>
</testsuite> <!-- testCases.TC02_LoginTest -->
