<?xml version="1.0" encoding="UTF-8"?>
<!-- Generated by org.testng.reporters.JUnitReportReporter -->
<testsuite hostname="DESKTOP-DF57TST" failures="0" tests="1" name="testCases.TC01_AccountRegistrationTest" time="7.512" errors="0" timestamp="2025-08-22T00:10:49 IST" skipped="0">
  <testcase classname="testCases.TC01_AccountRegistrationTest" name="verify_account_registration" time="7.512"/>
</testsuite> <!-- testCases.TC01_AccountRegistrationTest -->
