<?xml version="1.0" encoding="UTF-8"?>
<!-- Generated by org.testng.reporters.JUnitReportReporter -->
<testsuite hostname="DESKTOP-DF57TST" failures="0" tests="1" name="testCases.TC02_LoginTest" time="2.447" errors="0" timestamp="2025-08-22T00:10:49 IST" skipped="0">
  <testcase classname="testCases.TC02_LoginTest" name="Verify_login" time="2.447"/>
</testsuite> <!-- testCases.TC02_LoginTest -->
